{
  message: '🙂 Database connected successfully',
  level: 'info',
  label: 'PH',
  timestamp: '2023-06-13T16:06:23.890Z'
}
{
  message: 'Application listening on port 5000',
  level: 'info',
  label: 'PH',
  timestamp: '2023-06-13T16:06:23.901Z'
}
{
  message: '🙂 Database connected successfully',
  level: 'info',
  label: 'PH',
  timestamp: '2023-06-13T16:07:06.553Z'
}
{
  message: 'Application listening on port 5000',
  level: 'info',
  label: 'PH',
  timestamp: '2023-06-13T16:07:06.587Z'
}
{
  message: '🙂 Database connected successfully',
  level: 'info',
  label: 'PH',
  timestamp: '2023-06-13T16:07:48.219Z'
}
{
  message: 'Application listening on port 5000',
  level: 'info',
  label: 'PH',
  timestamp: '2023-06-13T16:07:48.233Z'
}
{
  message: '🙂 Database connected successfully',
  level: 'info',
  label: 'PH',
  timestamp: '2023-06-13T16:08:01.155Z'
}
{
  message: 'Application listening on port 5000',
  level: 'info',
  label: 'PH',
  timestamp: '2023-06-13T16:08:01.170Z'
}
{
  message: '🙂 Database connected successfully',
  level: 'info',
  label: 'PH',
  timestamp: '2023-06-13T16:08:41.666Z'
}
{
  message: 'Application listening on port 5000',
  level: 'info',
  label: 'PH',
  timestamp: '2023-06-13T16:08:41.678Z'
}
{
  message: '🙂 Database connected successfully',
  level: 'info',
  label: 'PH',
  timestamp: '2023-06-13T16:13:43.040Z'
}
{
  message: 'Application listening on port 5000',
  level: 'info',
  label: 'PH',
  timestamp: '2023-06-13T16:13:43.053Z'
}
{
  message: '🙂 Database connected successfully',
  level: 'info',
  label: 'PH',
  timestamp: '2023-06-13T16:14:17.258Z'
}
{
  message: 'Application listening on port 5000',
  level: 'info',
  label: 'PH',
  timestamp: '2023-06-13T16:14:17.272Z'
}
