{
  message: '🙂 Database connected successfully',
  level: 'info',
  label: 'PH',
  timestamp: '2023-06-14T04:11:33.128Z'
}
{
  message: 'Application listening on port 5000',
  level: 'info',
  label: 'PH',
  timestamp: '2023-06-14T04:11:33.142Z'
}
{
  message: '🙂 Database connected successfully',
  level: 'info',
  label: 'PH',
  timestamp: '2023-06-14T04:12:03.767Z'
}
{
  message: 'Application listening on port 5000',
  level: 'info',
  label: 'PH',
  timestamp: '2023-06-14T04:12:03.781Z'
}
{
  message: '🙂 Database connected successfully',
  level: 'info',
  label: 'PH',
  timestamp: '2023-06-14T04:12:21.098Z'
}
{
  message: 'Application listening on port 5000',
  level: 'info',
  label: 'PH',
  timestamp: '2023-06-14T04:12:21.113Z'
}
{
  message: '🙂 Database connected successfully',
  level: 'info',
  label: 'PH',
  timestamp: '2023-06-14T04:15:57.915Z'
}
{
  message: 'Application listening on port 5000',
  level: 'info',
  label: 'PH',
  timestamp: '2023-06-14T04:15:57.928Z'
}
{
  message: '🙂 Database connected successfully',
  level: 'info',
  label: 'PH',
  timestamp: '2023-06-14T04:17:41.598Z'
}
{
  message: 'Application listening on port 5000',
  level: 'info',
  label: 'PH',
  timestamp: '2023-06-14T04:17:41.611Z'
}
{
  message: '🙂 Database connected successfully',
  level: 'info',
  label: 'PH',
  timestamp: '2023-06-14T04:19:35.161Z'
}
{
  message: 'Application listening on port 5000',
  level: 'info',
  label: 'PH',
  timestamp: '2023-06-14T04:19:35.176Z'
}
{
  message: '🙂 Database connected successfully',
  level: 'info',
  label: 'PH',
  timestamp: '2023-06-14T04:23:06.674Z'
}
{
  message: 'Application listening on port 5000',
  level: 'info',
  label: 'PH',
  timestamp: '2023-06-14T04:23:06.689Z'
}
{
  message: '🙂 Database connected successfully',
  level: 'info',
  label: 'PH',
  timestamp: '2023-06-14T04:26:08.641Z'
}
{
  message: 'Application listening on port 5000',
  level: 'info',
  label: 'PH',
  timestamp: '2023-06-14T04:26:08.655Z'
}
{
  message: '🙂 Database connected successfully',
  level: 'info',
  label: 'PH',
  timestamp: '2023-06-14T04:28:38.013Z'
}
{
  message: 'Application listening on port 5000',
  level: 'info',
  label: 'PH',
  timestamp: '2023-06-14T04:28:38.029Z'
}
{
  message: '🙂 Database connected successfully',
  level: 'info',
  label: 'PH',
  timestamp: '2023-06-14T04:29:23.687Z'
}
{
  message: 'Application listening on port 5000',
  level: 'info',
  label: 'PH',
  timestamp: '2023-06-14T04:29:23.708Z'
}
{
  message: '🙂 Database connected successfully',
  level: 'info',
  label: 'PH',
  timestamp: '2023-06-14T04:32:18.331Z'
}
{
  message: 'Application listening on port 5000',
  level: 'info',
  label: 'PH',
  timestamp: '2023-06-14T04:32:18.348Z'
}
{
  message: '🙂 Database connected successfully',
  level: 'info',
  label: 'PH',
  timestamp: '2023-06-14T04:32:36.555Z'
}
{
  message: 'Application listening on port 5000',
  level: 'info',
  label: 'PH',
  timestamp: '2023-06-14T04:32:36.567Z'
}
{
  message: '🙂 Database connected successfully',
  level: 'info',
  label: 'PH',
  timestamp: '2023-06-14T04:32:47.304Z'
}
{
  message: 'Application listening on port 5000',
  level: 'info',
  label: 'PH',
  timestamp: '2023-06-14T04:32:47.320Z'
}
{
  message: '🙂 Database connected successfully',
  level: 'info',
  label: 'PH',
  timestamp: '2023-06-14T04:32:56.545Z'
}
{
  message: 'Application listening on port 5000',
  level: 'info',
  label: 'PH',
  timestamp: '2023-06-14T04:32:56.563Z'
}
{
  message: '🙂 Database connected successfully',
  level: 'info',
  label: 'PH',
  timestamp: '2023-06-14T04:33:03.714Z'
}
{
  message: 'Application listening on port 5000',
  level: 'info',
  label: 'PH',
  timestamp: '2023-06-14T04:33:03.729Z'
}
{
  message: '🙂 Database connected successfully',
  level: 'info',
  label: 'PH',
  timestamp: '2023-06-14T04:33:36.549Z'
}
{
  message: 'Application listening on port 5000',
  level: 'info',
  label: 'PH',
  timestamp: '2023-06-14T04:33:36.565Z'
}
{
  message: '🙂 Database connected successfully',
  level: 'info',
  label: 'PH',
  timestamp: '2023-06-14T04:34:13.675Z'
}
{
  message: 'Application listening on port 5000',
  level: 'info',
  label: 'PH',
  timestamp: '2023-06-14T04:34:13.689Z'
}
{
  message: '🙂 Database connected successfully',
  level: 'info',
  label: 'PH',
  timestamp: '2023-06-14T04:35:41.169Z'
}
{
  message: 'Application listening on port 5000',
  level: 'info',
  label: 'PH',
  timestamp: '2023-06-14T04:35:41.194Z'
}
{
  message: '🙂 Database connected successfully',
  level: 'info',
  label: 'PH',
  timestamp: '2023-06-14T04:42:15.551Z'
}
{
  message: 'Application listening on port 5000',
  level: 'info',
  label: 'PH',
  timestamp: '2023-06-14T04:42:15.565Z'
}
{
  message: '🙂 Database connected successfully',
  level: 'info',
  label: 'PH',
  timestamp: '2023-06-14T04:43:12.221Z'
}
{
  message: 'Application listening on port 5000',
  level: 'info',
  label: 'PH',
  timestamp: '2023-06-14T04:43:12.234Z'
}
{
  message: '🙂 Database connected successfully',
  level: 'info',
  label: 'PH',
  timestamp: '2023-06-14T04:44:33.844Z'
}
{
  message: 'Application listening on port 5000',
  level: 'info',
  label: 'PH',
  timestamp: '2023-06-14T04:44:33.858Z'
}
