{
  message: '🙂 Database connected successfully',
  level: 'info',
  label: 'PH',
  timestamp: '2023-06-13T10:18:29.909Z'
}
{
  message: 'Application listening on port 5000',
  level: 'info',
  label: 'PH',
  timestamp: '2023-06-13T10:18:29.931Z'
}
{
  message: '🙂 Database connected successfully',
  level: 'info',
  label: 'PH',
  timestamp: '2023-06-13T10:20:10.774Z'
}
{
  message: 'Application listening on port 5000',
  level: 'info',
  label: 'PH',
  timestamp: '2023-06-13T10:20:10.790Z'
}
{
  message: '🙂 Database connected successfully',
  level: 'info',
  label: 'PH',
  timestamp: '2023-06-13T10:21:11.478Z'
}
{
  message: 'Application listening on port 5000',
  level: 'info',
  label: 'PH',
  timestamp: '2023-06-13T10:21:11.491Z'
}
{
  message: '🙂 Database connected successfully',
  level: 'info',
  label: 'PH',
  timestamp: '2023-06-13T10:22:08.125Z'
}
{
  message: 'Application listening on port 5000',
  level: 'info',
  label: 'PH',
  timestamp: '2023-06-13T10:22:08.141Z'
}
{
  message: '🙂 Database connected successfully',
  level: 'info',
  label: 'PH',
  timestamp: '2023-06-13T10:23:33.635Z'
}
{
  message: 'Application listening on port 5000',
  level: 'info',
  label: 'PH',
  timestamp: '2023-06-13T10:23:33.648Z'
}
{
  message: '🙂 Database connected successfully',
  level: 'info',
  label: 'PH',
  timestamp: '2023-06-13T10:24:17.994Z'
}
{
  message: 'Application listening on port 5000',
  level: 'info',
  label: 'PH',
  timestamp: '2023-06-13T10:24:18.008Z'
}
{
  message: '🙂 Database connected successfully',
  level: 'info',
  label: 'PH',
  timestamp: '2023-06-13T10:29:44.898Z'
}
{
  message: 'Application listening on port 5000',
  level: 'info',
  label: 'PH',
  timestamp: '2023-06-13T10:29:44.912Z'
}
{
  message: '🙂 Database connected successfully',
  level: 'info',
  label: 'PH',
  timestamp: '2023-06-13T10:30:46.171Z'
}
{
  message: 'Application listening on port 5000',
  level: 'info',
  label: 'PH',
  timestamp: '2023-06-13T10:30:46.184Z'
}
{
  message: '🙂 Database connected successfully',
  level: 'info',
  label: 'PH',
  timestamp: '2023-06-13T10:30:55.509Z'
}
{
  message: 'Application listening on port 5000',
  level: 'info',
  label: 'PH',
  timestamp: '2023-06-13T10:30:55.523Z'
}
{
  message: '🙂 Database connected successfully',
  level: 'info',
  label: 'PH',
  timestamp: '2023-06-13T10:31:14.548Z'
}
{
  message: 'Application listening on port 5000',
  level: 'info',
  label: 'PH',
  timestamp: '2023-06-13T10:31:14.562Z'
}
{
  message: '🙂 Database connected successfully',
  level: 'info',
  label: 'PH',
  timestamp: '2023-06-13T10:32:02.253Z'
}
{
  message: 'Application listening on port 5000',
  level: 'info',
  label: 'PH',
  timestamp: '2023-06-13T10:32:02.280Z'
}
{
  message: '🙂 Database connected successfully',
  level: 'info',
  label: 'PH',
  timestamp: '2023-06-13T10:34:09.643Z'
}
{
  message: 'Application listening on port 5000',
  level: 'info',
  label: 'PH',
  timestamp: '2023-06-13T10:34:09.659Z'
}
{
  message: '🙂 Database connected successfully',
  level: 'info',
  label: 'PH',
  timestamp: '2023-06-13T10:35:12.549Z'
}
{
  message: 'Application listening on port 5000',
  level: 'info',
  label: 'PH',
  timestamp: '2023-06-13T10:35:12.577Z'
}
{
  message: '🙂 Database connected successfully',
  level: 'info',
  label: 'PH',
  timestamp: '2023-06-13T10:35:36.623Z'
}
{
  message: 'Application listening on port 5000',
  level: 'info',
  label: 'PH',
  timestamp: '2023-06-13T10:35:36.644Z'
}
{
  message: '🙂 Database connected successfully',
  level: 'info',
  label: 'PH',
  timestamp: '2023-06-13T10:38:24.204Z'
}
{
  message: 'Application listening on port 5000',
  level: 'info',
  label: 'PH',
  timestamp: '2023-06-13T10:38:24.217Z'
}
{
  message: '🙂 Database connected successfully',
  level: 'info',
  label: 'PH',
  timestamp: '2023-06-13T10:39:01.338Z'
}
{
  message: 'Application listening on port 5000',
  level: 'info',
  label: 'PH',
  timestamp: '2023-06-13T10:39:01.353Z'
}
{
  message: '🙂 Database connected successfully',
  level: 'info',
  label: 'PH',
  timestamp: '2023-06-13T10:39:32.004Z'
}
{
  message: 'Application listening on port 5000',
  level: 'info',
  label: 'PH',
  timestamp: '2023-06-13T10:39:32.021Z'
}
{
  message: '🙂 Database connected successfully',
  level: 'info',
  label: 'PH',
  timestamp: '2023-06-13T10:43:22.587Z'
}
{
  message: 'Application listening on port 5000',
  level: 'info',
  label: 'PH',
  timestamp: '2023-06-13T10:43:22.605Z'
}
{
  message: '🙂 Database connected successfully',
  level: 'info',
  label: 'PH',
  timestamp: '2023-06-13T10:44:12.183Z'
}
{
  message: 'Application listening on port 5000',
  level: 'info',
  label: 'PH',
  timestamp: '2023-06-13T10:44:12.196Z'
}
{
  message: '🙂 Database connected successfully',
  level: 'info',
  label: 'PH',
  timestamp: '2023-06-13T10:46:24.850Z'
}
{
  message: 'Application listening on port 5000',
  level: 'info',
  label: 'PH',
  timestamp: '2023-06-13T10:46:24.885Z'
}
{
  message: '🙂 Database connected successfully',
  level: 'info',
  label: 'PH',
  timestamp: '2023-06-13T10:47:51.147Z'
}
{
  message: 'Application listening on port 5000',
  level: 'info',
  label: 'PH',
  timestamp: '2023-06-13T10:47:51.175Z'
}
{
  message: '🙂 Database connected successfully',
  level: 'info',
  label: 'PH',
  timestamp: '2023-06-13T10:48:32.837Z'
}
{
  message: 'Application listening on port 5000',
  level: 'info',
  label: 'PH',
  timestamp: '2023-06-13T10:48:32.854Z'
}
{
  message: '🙂 Database connected successfully',
  level: 'info',
  label: 'PH',
  timestamp: '2023-06-13T10:50:15.064Z'
}
{
  message: 'Application listening on port 5000',
  level: 'info',
  label: 'PH',
  timestamp: '2023-06-13T10:50:15.081Z'
}
{
  message: '🙂 Database connected successfully',
  level: 'info',
  label: 'PH',
  timestamp: '2023-06-13T10:50:34.717Z'
}
{
  message: 'Application listening on port 5000',
  level: 'info',
  label: 'PH',
  timestamp: '2023-06-13T10:50:34.753Z'
}
{
  message: '🙂 Database connected successfully',
  level: 'info',
  label: 'PH',
  timestamp: '2023-06-13T10:54:34.479Z'
}
{
  message: 'Application listening on port 5000',
  level: 'info',
  label: 'PH',
  timestamp: '2023-06-13T10:54:34.492Z'
}
{
  message: '🙂 Database connected successfully',
  level: 'info',
  label: 'PH',
  timestamp: '2023-06-13T10:54:46.029Z'
}
{
  message: 'Application listening on port 5000',
  level: 'info',
  label: 'PH',
  timestamp: '2023-06-13T10:54:46.043Z'
}
{
  message: '🙂 Database connected successfully',
  level: 'info',
  label: 'PH',
  timestamp: '2023-06-13T10:55:50.805Z'
}
{
  message: 'Application listening on port 5000',
  level: 'info',
  label: 'PH',
  timestamp: '2023-06-13T10:55:50.821Z'
}
{
  message: '🙂 Database connected successfully',
  level: 'info',
  label: 'PH',
  timestamp: '2023-06-13T10:58:51.669Z'
}
{
  message: 'Application listening on port 5000',
  level: 'info',
  label: 'PH',
  timestamp: '2023-06-13T10:58:51.684Z'
}
