{
  message: '🙂 Database connected successfully',
  level: 'info',
  label: 'PH',
  timestamp: '2023-06-13T05:00:18.332Z'
}
{
  message: 'Application listening on port 5000',
  level: 'info',
  label: 'PH',
  timestamp: '2023-06-13T05:00:18.345Z'
}
{
  message: '🙂 Database connected successfully',
  level: 'info',
  label: 'PH',
  timestamp: '2023-06-13T05:00:49.303Z'
}
{
  message: 'Application listening on port 5000',
  level: 'info',
  label: 'PH',
  timestamp: '2023-06-13T05:00:49.316Z'
}
{
  message: '🙂 Database connected successfully',
  level: 'info',
  label: 'PH',
  timestamp: '2023-06-13T05:02:55.695Z'
}
{
  message: 'Application listening on port 5000',
  level: 'info',
  label: 'PH',
  timestamp: '2023-06-13T05:02:55.709Z'
}
{
  message: '🙂 Database connected successfully',
  level: 'info',
  label: 'PH',
  timestamp: '2023-06-13T05:04:03.961Z'
}
{
  message: 'Application listening on port 5000',
  level: 'info',
  label: 'PH',
  timestamp: '2023-06-13T05:04:03.973Z'
}
{
  message: '🙂 Database connected successfully',
  level: 'info',
  label: 'PH',
  timestamp: '2023-06-13T05:10:31.541Z'
}
{
  message: 'Application listening on port 5000',
  level: 'info',
  label: 'PH',
  timestamp: '2023-06-13T05:10:31.555Z'
}
{
  message: '🙂 Database connected successfully',
  level: 'info',
  label: 'PH',
  timestamp: '2023-06-13T05:10:39.472Z'
}
{
  message: 'Application listening on port 5000',
  level: 'info',
  label: 'PH',
  timestamp: '2023-06-13T05:10:39.484Z'
}
{
  message: '🙂 Database connected successfully',
  level: 'info',
  label: 'PH',
  timestamp: '2023-06-13T05:12:09.729Z'
}
{
  message: 'Application listening on port 5000',
  level: 'info',
  label: 'PH',
  timestamp: '2023-06-13T05:12:09.741Z'
}
{
  message: '🙂 Database connected successfully',
  level: 'info',
  label: 'PH',
  timestamp: '2023-06-13T05:15:29.623Z'
}
{
  message: 'Application listening on port 5000',
  level: 'info',
  label: 'PH',
  timestamp: '2023-06-13T05:15:29.638Z'
}
{
  message: '🙂 Database connected successfully',
  level: 'info',
  label: 'PH',
  timestamp: '2023-06-13T05:28:29.804Z'
}
{
  message: 'Application listening on port 5000',
  level: 'info',
  label: 'PH',
  timestamp: '2023-06-13T05:28:29.821Z'
}
{
  message: '🙂 Database connected successfully',
  level: 'info',
  label: 'PH',
  timestamp: '2023-06-13T05:39:27.989Z'
}
{
  message: 'Application listening on port 5000',
  level: 'info',
  label: 'PH',
  timestamp: '2023-06-13T05:39:28.004Z'
}
{
  message: '🙂 Database connected successfully',
  level: 'info',
  label: 'PH',
  timestamp: '2023-06-13T05:41:08.676Z'
}
{
  message: 'Application listening on port 5000',
  level: 'info',
  label: 'PH',
  timestamp: '2023-06-13T05:41:08.688Z'
}
{
  message: '🙂 Database connected successfully',
  level: 'info',
  label: 'PH',
  timestamp: '2023-06-13T05:44:08.084Z'
}
{
  message: 'Application listening on port 5000',
  level: 'info',
  label: 'PH',
  timestamp: '2023-06-13T05:44:08.102Z'
}
{
  message: '🙂 Database connected successfully',
  level: 'info',
  label: 'PH',
  timestamp: '2023-06-13T05:44:41.091Z'
}
{
  message: 'Application listening on port 5000',
  level: 'info',
  label: 'PH',
  timestamp: '2023-06-13T05:44:41.105Z'
}
{
  message: '🙂 Database connected successfully',
  level: 'info',
  label: 'PH',
  timestamp: '2023-06-13T05:47:23.670Z'
}
{
  message: 'Application listening on port 5000',
  level: 'info',
  label: 'PH',
  timestamp: '2023-06-13T05:47:23.685Z'
}
{
  message: '🙂 Database connected successfully',
  level: 'info',
  label: 'PH',
  timestamp: '2023-06-13T05:47:46.295Z'
}
{
  message: 'Application listening on port 5000',
  level: 'info',
  label: 'PH',
  timestamp: '2023-06-13T05:47:46.309Z'
}
{
  message: '🙂 Database connected successfully',
  level: 'info',
  label: 'PH',
  timestamp: '2023-06-13T05:50:53.154Z'
}
{
  message: 'Application listening on port 5000',
  level: 'info',
  label: 'PH',
  timestamp: '2023-06-13T05:50:53.170Z'
}
{
  message: '🙂 Database connected successfully',
  level: 'info',
  label: 'PH',
  timestamp: '2023-06-13T05:53:03.778Z'
}
{
  message: 'Application listening on port 5000',
  level: 'info',
  label: 'PH',
  timestamp: '2023-06-13T05:53:03.794Z'
}
{
  message: '🙂 Database connected successfully',
  level: 'info',
  label: 'PH',
  timestamp: '2023-06-13T05:54:34.965Z'
}
{
  message: 'Application listening on port 5000',
  level: 'info',
  label: 'PH',
  timestamp: '2023-06-13T05:54:34.980Z'
}
{
  message: '🙂 Database connected successfully',
  level: 'info',
  label: 'PH',
  timestamp: '2023-06-13T05:55:37.702Z'
}
{
  message: 'Application listening on port 5000',
  level: 'info',
  label: 'PH',
  timestamp: '2023-06-13T05:55:37.719Z'
}
{
  message: '🙂 Database connected successfully',
  level: 'info',
  label: 'PH',
  timestamp: '2023-06-13T05:56:31.293Z'
}
{
  message: 'Application listening on port 5000',
  level: 'info',
  label: 'PH',
  timestamp: '2023-06-13T05:56:31.305Z'
}
{
  message: '🙂 Database connected successfully',
  level: 'info',
  label: 'PH',
  timestamp: '2023-06-13T05:57:25.248Z'
}
{
  message: 'Application listening on port 5000',
  level: 'info',
  label: 'PH',
  timestamp: '2023-06-13T05:57:25.261Z'
}
{
  message: '🙂 Database connected successfully',
  level: 'info',
  label: 'PH',
  timestamp: '2023-06-13T05:58:07.585Z'
}
{
  message: 'Application listening on port 5000',
  level: 'info',
  label: 'PH',
  timestamp: '2023-06-13T05:58:07.597Z'
}
