{
  errno: undefined,
  code: 'ECONNREFUSED',
  syscall: 'querySrv',
  hostname: '_mongodb._tcp.cluster0.cjxkvs1.mongodb.net',
  level: 'error',
  message: '😞 Failed to connect database querySrv ECONNREFUSED _mongodb._tcp.cluster0.cjxkvs1.mongodb.net',
  stack: 'Error: querySrv ECONNREFUSED _mongodb._tcp.cluster0.cjxkvs1.mongodb.net\n' +
    '    at QueryReqWrap.onresolve [as oncomplete] (node:internal/dns/promises:251:17)',
  label: 'PH',
  timestamp: '2023-06-14T04:22:39.128Z'
}
{
  errno: undefined,
  code: 'ECONNREFUSED',
  syscall: 'querySrv',
  hostname: '_mongodb._tcp.cluster0.cjxkvs1.mongodb.net',
  level: 'error',
  message: '😞 Failed to connect database querySrv ECONNREFUSED _mongodb._tcp.cluster0.cjxkvs1.mongodb.net',
  stack: 'Error: querySrv ECONNREFUSED _mongodb._tcp.cluster0.cjxkvs1.mongodb.net\n' +
    '    at QueryReqWrap.onresolve [as oncomplete] (node:internal/dns/promises:251:17)',
  label: 'PH',
  timestamp: '2023-06-14T04:25:35.633Z'
}
