{"level":"info","message":"🙂 Database connected successfully"}
{"level":"info","message":"Application listening on port 5000"}
{"level":"info","message":"🙂 Database connected successfully"}
{"level":"info","message":"Application listening on port 5000"}
{"level":"info","message":"🙂 Database connected successfully"}
{"level":"info","message":"Application listening on port 5000"}
{"level":"info","message":"🙂 Database connected successfully"}
{"level":"info","message":"Application listening on port 5000"}
{"level":"info","message":"🙂 Database connected successfully"}
{"level":"info","message":"Application listening on port 5000"}
{"level":"info","message":"🙂 Database connected successfully"}
{"level":"info","message":"Application listening on port 5000"}
2023-06-08T03:27:04.481Z [right meow!] info: 🙂 Database connected successfully
2023-06-08T03:27:04.496Z [right meow!] info: Application listening on port 5000
2023-06-08T03:27:09.917Z [right meow!] info: 🙂 Database connected successfully
2023-06-08T03:27:09.931Z [right meow!] info: Application listening on port 5000
2023-06-08T03:28:34.696Z [right meow!] info: 🙂 Database connected successfully
2023-06-08T03:28:34.711Z [right meow!] info: Application listening on port 5000
Thu Jun 08 2023 9:32:57 $ [PH] info: 🙂 Database connected successfully
Thu Jun 08 2023 9:32:57 $ [PH] info: Application listening on port 5000
Thu Jun 08 2023 9:33:53 $ [PH] info: 🙂 Database connected successfully
Thu Jun 08 2023 9:33:53 $ [PH] info: Application listening on port 5000
{
  message: '🙂 Database connected successfully',
  level: 'info',
  label: 'PH',
  timestamp: '2023-06-08T03:35:11.448Z'
}
{
  message: 'Application listening on port 5000',
  level: 'info',
  label: 'PH',
  timestamp: '2023-06-08T03:35:11.472Z'
}
